<?xml version="1.0" encoding="utf-8"?><testsuites name="pytest tests"><testsuite name="pytest" errors="0" failures="0" skipped="0" tests="7" time="1.736" timestamp="2026-06-08T14:08:02.105093+00:00" hostname="agent-env-2c35e907-6306-4d60-91e7-5b989b605b1d"><testcase classname="backend.tests.test_leads_api.TestHealth" name="test_health_ok_and_resend_configured" time="0.289" /><testcase classname="backend.tests.test_leads_api.TestLeads" name="test_create_lead_success" time="0.769" /><testcase classname="backend.tests.test_leads_api.TestLeads" name="test_create_lead_invalid_email" time="0.123" /><testcase classname="backend.tests.test_leads_api.TestLeads" name="test_create_lead_missing_name" time="0.124" /><testcase classname="backend.tests.test_leads_api.TestLeads" name="test_create_lead_missing_email" time="0.121" /><testcase classname="backend.tests.test_leads_api.TestLeads" name="test_create_lead_missing_phone" time="0.119" /><testcase classname="backend.tests.test_leads_api.TestLeads" name="test_create_lead_empty_name" time="0.121" /></testsuite></testsuites>